This file contains any messages produced by compilers while
running configure, to aid debugging if configure makes a mistake.

It was created by sympa configure 6.1.17, which was
generated by GNU Autoconf 2.63.  Invocation command line was

  $ ./configure --prefix=/home/swk/bin/sympa --with-initdir=/home/swk/bin/rc.d/init.d --with-confdir=/home/swk/bin/etc --with-lockdir=/home/swk/bin/lock --with-mandir=/home/swk/bin/man --with-perl=/home/swk/bin/perlbrew/perls/perl-5.16.0/bin/perl --with-user=swk --with-group=swk --with-sendmail_aliases=/home/swk/bin/etc/mail/sympa_aliases --with-virtual_aliases=/home/swk/bin/etc/mail/sympa_virtual

## --------- ##
## Platform. ##
## --------- ##

hostname = monoceres.uberspace.de
uname -m = x86_64
uname -r = 2.6.32-279.19.1.el6.x86_64
uname -s = Linux
uname -v = #1 SMP Wed Dec 19 07:05:20 UTC 2012

/usr/bin/uname -p = unknown
/bin/uname -X     = unknown

/bin/arch              = x86_64
/usr/bin/arch -k       = unknown
/usr/convex/getsysinfo = unknown
/usr/bin/hostinfo      = unknown
/bin/machine           = unknown
/usr/bin/oslevel       = unknown
/bin/universe          = unknown

PATH: /home/swk/bin/perlbrew/bin
PATH: /home/swk/.toast/armed/bin
PATH: /package/host/localhost/php-5.4.11/bin
PATH: /home/swk/bin/perlbrew/bin
PATH: /home/swk/bin/perlbrew/perls/perl-5.16.0/bin
PATH: /usr/local/bin
PATH: /bin
PATH: /usr/bin
PATH: /usr/local/sbin
PATH: /usr/sbin
PATH: /sbin
PATH: /var/qmail/bin
PATH: /home/swk/bin


## ----------- ##
## Core tests. ##
## ----------- ##

configure:1952: checking for a BSD-compatible install
configure:2020: result: /usr/bin/install -c
configure:2031: checking whether build environment is sane
configure:2074: result: yes
configure:2136: checking for gawk
configure:2152: found /bin/gawk
configure:2163: result: gawk
configure:2174: checking whether make sets $(MAKE)
configure:2196: result: yes
configure:2378: checking whether NLS is requested
configure:2387: result: yes
configure:2428: checking for msgfmt
configure: trying /usr/bin/msgfmt...
0 translated messages.
configure:2460: result: /usr/bin/msgfmt
configure:2469: checking for gmsgfmt
configure:2500: result: /usr/bin/msgfmt
configure:2551: checking for xgettext
configure: trying /usr/bin/xgettext...
/usr/bin/xgettext: warning: file `/dev/null' extension `' is unknown; will try C
configure:2583: result: /usr/bin/xgettext
configure:2629: checking for msgmerge
configure: trying /usr/bin/msgmerge...
configure:2660: result: /usr/bin/msgmerge
configure:2865: WARNING: obsolete --with-mandir option used
configure:3019: checking for gcc
configure:3035: found /usr/bin/gcc
configure:3046: result: gcc
configure:3278: checking for C compiler version
configure:3286: gcc --version >&5
gcc (GCC) 4.4.6 20120305 (Red Hat 4.4.6-4)
Copyright (C) 2010 Free Software Foundation, Inc.
This is free software; see the source for copying conditions.  There is NO
warranty; not even for MERCHANTABILITY or FITNESS FOR A PARTICULAR PURPOSE.

configure:3290: $? = 0
configure:3297: gcc -v >&5
Using built-in specs.
Target: x86_64-redhat-linux
Configured with: ../configure --prefix=/usr --mandir=/usr/share/man --infodir=/usr/share/info --with-bugurl=http://bugzilla.redhat.com/bugzilla --enable-bootstrap --enable-shared --enable-threads=posix --enable-checking=release --with-system-zlib --enable-__cxa_atexit --disable-libunwind-exceptions --enable-gnu-unique-object --enable-languages=c,c++,objc,obj-c++,java,fortran,ada --enable-java-awt=gtk --disable-dssi --with-java-home=/usr/lib/jvm/java-1.5.0-gcj-1.5.0.0/jre --enable-libgcj-multifile --enable-java-maintainer-mode --with-ecj-jar=/usr/share/java/eclipse-ecj.jar --disable-libjava-multilib --with-ppl --with-cloog --with-tune=generic --with-arch_32=i686 --build=x86_64-redhat-linux
Thread model: posix
gcc version 4.4.6 20120305 (Red Hat 4.4.6-4) (GCC) 
configure:3301: $? = 0
configure:3308: gcc -V >&5
gcc: '-V' option must have argument
configure:3312: $? = 1
configure:3335: checking for C compiler default output file name
configure:3357: gcc    conftest.c  >&5
configure:3361: $? = 0
configure:3399: result: a.out
configure:3418: checking whether the C compiler works
configure:3428: ./a.out
configure:3432: $? = 0
configure:3451: result: yes
configure:3458: checking whether we are cross compiling
configure:3460: result: no
configure:3463: checking for suffix of executables
configure:3470: gcc -o conftest    conftest.c  >&5
configure:3474: $? = 0
configure:3500: result: 
configure:3506: checking for suffix of object files
configure:3532: gcc -c   conftest.c >&5
configure:3536: $? = 0
configure:3561: result: o
configure:3565: checking whether we are using the GNU C compiler
configure:3594: gcc -c   conftest.c >&5
configure:3601: $? = 0
configure:3618: result: yes
configure:3627: checking whether gcc accepts -g
configure:3657: gcc -c -g  conftest.c >&5
configure:3664: $? = 0
configure:3765: result: yes
configure:3782: checking for gcc option to accept ISO C89
configure:3856: gcc  -c -g -O2  conftest.c >&5
configure:3863: $? = 0
configure:3886: result: none needed
configure:3915: checking for style of include used by make
configure:3943: result: GNU
configure:3971: checking dependency style of gcc
configure:4061: result: gcc3
configure:4080: checking whether gcc and cc understand -c and -o together
configure:4115: gcc -c conftest.c -o conftest2.o >&5
configure:4119: $? = 0
configure:4125: gcc -c conftest.c -o conftest2.o >&5
configure:4129: $? = 0
configure:4140: cc -c conftest.c >&5
configure:4144: $? = 0
configure:4152: cc -c conftest.c -o conftest2.o >&5
configure:4156: $? = 0
configure:4162: cc -c conftest.c -o conftest2.o >&5
configure:4166: $? = 0
configure:4184: result: yes
configure:4213: checking for sed
configure:4231: found /bin/sed
configure:4243: result: /bin/sed
configure:4255: checking whether ln -s works
configure:4259: result: yes
configure:4276: checking user-supplied perl interpreter
configure:4296: result: /home/swk/bin/perlbrew/perls/perl-5.16.0/bin/perl
configure:4349: checking for pod2man
configure:4367: found /home/swk/bin/perlbrew/perls/perl-5.16.0/bin/pod2man
configure:4379: result: /home/swk/bin/perlbrew/perls/perl-5.16.0/bin/pod2man
configure:4685: creating ./config.status

## ---------------------- ##
## Running config.status. ##
## ---------------------- ##

This file was extended by sympa config.status 6.1.17, which was
generated by GNU Autoconf 2.63.  Invocation command line was

  CONFIG_FILES    = 
  CONFIG_HEADERS  = 
  CONFIG_LINKS    = 
  CONFIG_COMMANDS = 
  $ ./config.status 

on monoceres.uberspace.de

config.status:746: creating Makefile
config.status:746: creating src/Makefile
config.status:746: creating src/etc/Makefile
config.status:746: creating src/etc/script/Makefile
config.status:746: creating src/lib/Makefile
config.status:746: creating soap/Makefile
config.status:746: creating doc/Makefile
config.status:746: creating doc/man8/Makefile
config.status:746: creating doc/sample/Makefile
config.status:746: creating web_tt2/Makefile
config.status:746: creating wwsympa/Makefile
config.status:746: creating wwsympa/icons/Makefile
config.status:746: creating mail_tt2/Makefile
config.status:746: creating po/Makefile.in
config.status:746: creating po-wwsympa/Makefile.in
config.status:746: creating sympa.spec
config.status:951: executing po-directories commands
config.status:951: executing depfiles commands

## ---------------- ##
## Cache variables. ##
## ---------------- ##

ac_cv_c_compiler_gnu=yes
ac_cv_env_CC_set=
ac_cv_env_CC_value=
ac_cv_env_CFLAGS_set=
ac_cv_env_CFLAGS_value=
ac_cv_env_CPPFLAGS_set=
ac_cv_env_CPPFLAGS_value=
ac_cv_env_LDFLAGS_set=
ac_cv_env_LDFLAGS_value=
ac_cv_env_LIBS_set=
ac_cv_env_LIBS_value=
ac_cv_env_build_alias_set=
ac_cv_env_build_alias_value=
ac_cv_env_host_alias_set=
ac_cv_env_host_alias_value=
ac_cv_env_target_alias_set=
ac_cv_env_target_alias_value=
ac_cv_objext=o
ac_cv_path_GMSGFMT=/usr/bin/msgfmt
ac_cv_path_MSGFMT=/usr/bin/msgfmt
ac_cv_path_MSGMERGE=/usr/bin/msgmerge
ac_cv_path_POD2MAN=/home/swk/bin/perlbrew/perls/perl-5.16.0/bin/pod2man
ac_cv_path_SED=/bin/sed
ac_cv_path_XGETTEXT=/usr/bin/xgettext
ac_cv_path_install='/usr/bin/install -c'
ac_cv_prog_AWK=gawk
ac_cv_prog_ac_ct_CC=gcc
ac_cv_prog_cc_c89=
ac_cv_prog_cc_g=yes
ac_cv_prog_cc_gcc_c_o=yes
ac_cv_prog_make_make_set=yes
am_cv_CC_dependencies_compiler_type=gcc3

## ----------------- ##
## Output variables. ##
## ----------------- ##

ACLOCAL='${SHELL} /home/swk/bin/sympa-6.1.17/missing --run aclocal-1.9'
AMDEPBACKSLASH='\'
AMDEP_FALSE='#'
AMDEP_TRUE=''
AMTAR='${SHELL} /home/swk/bin/sympa-6.1.17/missing --run tar'
AUTOCONF='${SHELL} /home/swk/bin/sympa-6.1.17/missing --run autoconf'
AUTOHEADER='${SHELL} /home/swk/bin/sympa-6.1.17/missing --run autoheader'
AUTOMAKE='${SHELL} /home/swk/bin/sympa-6.1.17/missing --run automake-1.9'
AWK='gawk'
CC='gcc'
CCDEPMODE='depmode=gcc3'
CFLAGS='-g -O2'
CONFIG='/home/swk/bin/etc/sympa.conf'
CPPFLAGS=''
CYGPATH_W='echo'
DEFS='-DPACKAGE_NAME=\"sympa\" -DPACKAGE_TARNAME=\"sympa\" -DPACKAGE_VERSION=\"6.1.17\" -DPACKAGE_STRING=\"sympa\ 6.1.17\" -DPACKAGE_BUGREPORT=\"sympa-authors@cru.fr\" -DPACKAGE=\"sympa\" -DVERSION=\"6.1.17\"'
DEPDIR='.deps'
ECHO_C=''
ECHO_N='-n'
ECHO_T=''
EXEEXT=''
GETTEXT_MACRO_VERSION='0.17'
GMSGFMT='/usr/bin/msgfmt'
GMSGFMT_015='/usr/bin/msgfmt'
GROUP='swk'
INSTALL_DATA='${INSTALL} -m 644'
INSTALL_PROGRAM='${INSTALL}'
INSTALL_SCRIPT='${INSTALL}'
INSTALL_STRIP_PROGRAM='${SHELL} $(install_sh) -c -s'
LDFLAGS=''
LIBOBJS=''
LIBS=''
LN_S='ln -s'
LTLIBOBJS=''
MAKEINFO='${SHELL} /home/swk/bin/sympa-6.1.17/missing --run makeinfo'
MSGFMT='/usr/bin/msgfmt'
MSGFMT_015='/usr/bin/msgfmt'
MSGMERGE='/usr/bin/msgmerge'
NEWALIASES='/usr/bin/newaliases'
NEWALIASES_ARG=''
OBJEXT='o'
PACKAGE='sympa'
PACKAGE_BUGREPORT='sympa-authors@cru.fr'
PACKAGE_NAME='sympa'
PACKAGE_STRING='sympa 6.1.17'
PACKAGE_TARNAME='sympa'
PACKAGE_VERSION='6.1.17'
PATH_SEPARATOR=':'
PERL='/home/swk/bin/perlbrew/perls/perl-5.16.0/bin/perl'
POD2MAN='/home/swk/bin/perlbrew/perls/perl-5.16.0/bin/pod2man'
POSTMAP='/usr/sbin/postmap'
POSTMAP_ARG='/home/swk/bin/etc/mail/sympa_virtual'
SED='/bin/sed'
SENDMAIL_ALIASES='/home/swk/bin/etc/mail/sympa_aliases'
SET_MAKE=''
SHELL='/bin/sh'
STRIP=''
USER='swk'
USE_NLS='yes'
VERSION='6.1.17'
VIRTUAL_ALIASES='/home/swk/bin/etc/mail/sympa_virtual'
WWSCONFIG='/home/swk/bin/etc/wwsympa.conf'
XGETTEXT='/usr/bin/xgettext'
XGETTEXT_015='/usr/bin/xgettext'
XGETTEXT_EXTRA_OPTIONS=''
ac_ct_CC='gcc'
am__fastdepCC_FALSE='#'
am__fastdepCC_TRUE=''
am__include='include'
am__leading_dot='.'
am__quote=''
am__tar='${AMTAR} chof - "$$tardir"'
am__untar='${AMTAR} xf -'
arcdir='/home/swk/bin/sympa/arc'
bindir='${exec_prefix}/bin'
bouncedir='/home/swk/bin/sympa/bounce'
build_alias=''
confdir='/home/swk/bin/etc'
datadir='${datarootdir}'
datarootdir='${prefix}/share'
defaultdir='/home/swk/bin/sympa/default'
docdir='${datarootdir}/doc/${PACKAGE_TARNAME}'
dvidir='${docdir}'
exec_prefix='${prefix}'
execcgidir='/home/swk/bin/sympa/bin'
expldir='/home/swk/bin/sympa/list_data'
host_alias=''
htmldir='${docdir}'
includedir='${prefix}/include'
infodir='${datarootdir}/info'
initdir='/home/swk/bin/rc.d/init.d'
install_sh='/home/swk/bin/sympa-6.1.17/install-sh'
libdir='${exec_prefix}/lib'
libexecdir='/home/swk/bin/sympa/bin'
localedir='/home/swk/bin/sympa/locale'
localstatedir='/var'
lockdir='/home/swk/bin/lock'
mailtemplatedir='/home/swk/bin/sympa/default/mail_tt2'
mandir='/home/swk/bin/man'
mkdir_p='mkdir -p --'
modulesdir='/home/swk/bin/sympa/bin'
oldincludedir='/usr/include'
pdfdir='${docdir}'
piddir='/home/swk/bin/sympa'
prefix='/home/swk/bin/sympa'
program_transform_name='s,x,x,'
psdir='${docdir}'
sbindir='/home/swk/bin/sympa/bin'
scriptdir='/home/swk/bin/sympa/bin'
sharedstatedir='${prefix}/com'
spooldir='/home/swk/bin/sympa/spool'
staticdir='/home/swk/bin/sympa/static_content'
sysconfdir='${prefix}/etc'
target_alias=''
webtemplatedir='/home/swk/bin/sympa/default/web_tt2'

## ----------- ##
## confdefs.h. ##
## ----------- ##

#define PACKAGE_NAME "sympa"
#define PACKAGE_TARNAME "sympa"
#define PACKAGE_VERSION "6.1.17"
#define PACKAGE_STRING "sympa 6.1.17"
#define PACKAGE_BUGREPORT "sympa-authors@cru.fr"
#define PACKAGE "sympa"
#define VERSION "6.1.17"

configure: exit 0
